\BOOKMARK [1][-]{section.1}{\376\377\133\252\154\325\124\310\136\014\232\214\213\301\147\072\122\066}{}% 1
\BOOKMARK [1][-]{section.2}{\376\377\133\252\154\325\124\310\136\014\232\214\213\301\377\032\142\200\147\057\122\033\145\260}{}% 2
\BOOKMARK [2][-]{subsection.2.1}{\376\377\122\240\133\306\154\273\164\006\203\003\137\017}{section.2}% 3
\BOOKMARK [2][-]{subsection.2.2}{\376\377\140\047\200\375\162\171\137\201}{section.2}% 4
\BOOKMARK [3][-]{subsubsection.2.2.1}{\376\377\136\366\217\337\122\006\147\220}{subsection.2.2}% 5
\BOOKMARK [3][-]{subsubsection.2.2.2}{\376\377\124\036\124\020\221\317\143\007\150\007}{subsection.2.2}% 6
\BOOKMARK [2][-]{subsection.2.3}{\376\377\116\015\123\357\123\330\133\241\213\241\217\150\217\371\165\037\142\020}{section.2}% 7
\BOOKMARK [2][-]{subsection.2.4}{\376\377\121\167\147\011\124\310\136\014\116\000\201\364\140\047\166\204\131\032\146\172\200\375\117\123\123\117\214\003}{section.2}% 8
\BOOKMARK [3][-]{subsubsection.2.4.1}{\376\377\236\321\147\177\147\266\147\204}{subsection.2.4}% 9
\BOOKMARK [3][-]{subsubsection.2.4.2}{\376\377\215\037\217\175\116\013\166\204\140\047\200\375}{subsection.2.4}% 10
\BOOKMARK [2][-]{subsection.2.5}{\376\377\167\037\133\236\116\026\165\114\220\350\177\162\232\214\213\301}{section.2}% 11
\BOOKMARK [3][-]{subsubsection.2.5.1}{\376\377\123\073\165\227\124\010\211\304\377\010\000H\000I\000P\000A\000A\377\011}{subsection.2.5}% 12
\BOOKMARK [3][-]{subsubsection.2.5.2}{\376\377\221\321\207\215\147\015\122\241\377\010\000S\000O\000X\124\010\211\304\377\011}{subsection.2.5}% 13
\BOOKMARK [2][-]{subsection.2.6}{\376\377\166\370\153\324\117\040\176\337\145\271\154\325\166\204\142\200\147\057\117\030\122\277}{section.2}% 14
\BOOKMARK [2][-]{subsection.2.7}{\376\377\147\052\147\145\170\024\172\166\145\271\124\021}{section.2}% 15
\BOOKMARK [3][-]{subsubsection.2.7.1}{\376\377\142\227\221\317\133\120\124\310\136\014}{subsection.2.7}% 16
\BOOKMARK [3][-]{subsubsection.2.7.2}{\376\377\201\352\220\002\136\224\226\010\120\074\133\146\116\140}{subsection.2.7}% 17
\BOOKMARK [3][-]{subsubsection.2.7.3}{\376\377\215\350\133\252\154\325\232\214\213\301}{subsection.2.7}% 18
\BOOKMARK [1][-]{section.3}{\376\377\176\323\213\272}{}% 19
\BOOKMARK [1][-]{section.4}{\376\377\176\323\213\272}{}% 20
\BOOKMARK [2][-]{subsection.4.1}{\376\377\116\073\211\201\215\041\163\056\140\073\176\323}{section.4}% 21
\BOOKMARK [3][-]{subsubsection.4.1.1}{\376\377\164\006\213\272\215\041\163\056}{subsection.4.1}% 22
\BOOKMARK [3][-]{subsubsection.4.1.2}{\376\377\142\200\147\057\122\033\145\260}{subsection.4.1}% 23
\BOOKMARK [3][-]{subsubsection.4.1.3}{\376\377\133\236\215\365\232\214\213\301}{subsection.4.1}% 24
\BOOKMARK [2][-]{subsection.4.2}{\376\377\211\343\121\263\166\204\150\070\137\303\225\356\230\230}{section.4}% 25
\BOOKMARK [3][-]{subsubsection.4.2.1}{\376\377\155\210\226\144\116\073\211\302\140\047\124\214\116\015\116\000\201\364\140\047}{subsection.4.2}% 26
\BOOKMARK [3][-]{subsubsection.4.2.2}{\376\377\133\236\163\260\167\037\153\143\166\204\133\236\145\366\154\273\164\006}{subsection.4.2}% 27
\BOOKMARK [3][-]{subsubsection.4.2.3}{\376\377\211\343\121\263\123\357\142\151\134\125\140\047\226\120\122\066}{subsection.4.2}% 28
\BOOKMARK [3][-]{subsubsection.4.2.4}{\376\377\136\372\172\313\131\032\146\172\200\375\117\123\123\117\214\003\147\072\122\066}{subsection.4.2}% 29
\BOOKMARK [2][-]{subsection.4.3}{\376\377\125\106\116\032\137\161\124\315\116\016\136\002\127\072\116\367\120\074}{section.4}% 30
\BOOKMARK [3][-]{subsubsection.4.3.1}{\376\377\136\002\127\072\174\173\122\053\122\033\136\372}{subsection.4.3}% 31
\BOOKMARK [3][-]{subsubsection.4.3.2}{\376\377\135\350\131\047\136\002\127\072\147\072\117\032}{subsection.4.3}% 32
\BOOKMARK [3][-]{subsubsection.4.3.3}{\376\377\133\242\142\067\116\367\120\074\122\033\220\040}{subsection.4.3}% 33
\BOOKMARK [2][-]{subsection.4.4}{\376\377\142\200\147\057\172\201\170\064\166\204\141\017\116\111}{section.4}% 34
\BOOKMARK [3][-]{subsubsection.4.4.1}{\376\377\116\072\000A\000I\133\211\121\150\131\140\133\232\145\160\133\146\127\372\170\100}{subsection.4.4}% 35
\BOOKMARK [3][-]{subsubsection.4.4.2}{\376\377\143\250\122\250\000A\000I\154\273\164\006\150\007\121\306\123\026}{subsection.4.4}% 36
\BOOKMARK [3][-]{subsubsection.4.4.3}{\376\377\133\236\163\260\000A\000I\154\021\116\073\123\026}{subsection.4.4}% 37
\BOOKMARK [2][-]{subsection.4.5}{\376\377\147\052\147\145\170\024\172\166\145\271\124\021}{section.4}% 38
\BOOKMARK [3][-]{subsubsection.4.5.1}{\376\377\124\016\221\317\133\120\133\306\170\001\133\146\226\306\142\020}{subsection.4.5}% 39
\BOOKMARK [3][-]{subsubsection.4.5.2}{\376\377\215\350\133\252\154\325\123\117\214\003\147\072\122\066}{subsection.4.5}% 40
\BOOKMARK [3][-]{subsubsection.4.5.3}{\376\377\201\352\220\002\136\224\133\252\154\325\133\146\116\140}{subsection.4.5}% 41
\BOOKMARK [3][-]{subsubsection.4.5.4}{\376\377\116\272\147\072\123\117\117\134\154\273\164\006}{subsection.4.5}% 42
\BOOKMARK [2][-]{subsection.4.6}{\376\377\133\371\000A\000I\123\321\134\125\166\204\225\177\217\334\137\161\124\315}{section.4}% 43
\BOOKMARK [3][-]{subsubsection.4.6.1}{\376\377\221\315\130\121\000A\000I\137\000\123\321\203\003\137\017}{subsection.4.6}% 44
\BOOKMARK [3][-]{subsubsection.4.6.2}{\376\377\143\250\122\250\166\321\173\241\122\033\145\260}{subsection.4.6}% 45
\BOOKMARK [3][-]{subsubsection.4.6.3}{\376\377\117\303\217\333\000A\000I\117\341\116\373\136\372\213\276}{subsection.4.6}% 46
\BOOKMARK [2][-]{subsection.4.7}{\376\377\176\323\213\355}{section.4}% 47
\BOOKMARK [1][-]{appendix.A}{\376\377\125\106\116\032\142\030\165\145\116\016\125\106\116\032\123\357\210\114\140\047}{}% 48
\BOOKMARK [2][-]{subsection.A.1}{\376\377\142\147\210\114\144\130\211\201\377\032\125\106\116\032\137\161\124\315}{appendix.A}% 49
\BOOKMARK [2][-]{subsection.A.2}{\376\377\121\163\225\056\116\032\122\241\143\007\150\007\142\020\134\061}{appendix.A}% 50
\BOOKMARK [2][-]{subsection.A.3}{\376\377\145\066\121\145\152\041\127\213\232\214\213\301}{appendix.A}% 51
\BOOKMARK [3][-]{subsubsection.A.3.1}{\376\377\133\242\142\067\232\214\213\301\176\323\147\234}{subsection.A.3}% 52
\BOOKMARK [3][-]{subsubsection.A.3.2}{\376\377\150\110\117\213\170\024\172\166\377\032\123\073\165\227\124\010\211\304}{subsection.A.3}% 53
\BOOKMARK [3][-]{subsubsection.A.3.3}{\376\377\150\110\117\213\170\024\172\166\377\032\221\321\207\215\147\015\122\241}{subsection.A.3}% 54
\BOOKMARK [2][-]{subsection.A.4}{\376\377\172\336\116\211\142\244\127\316\154\263\122\006\147\220}{appendix.A}% 55
\BOOKMARK [3][-]{subsubsection.A.4.1}{\376\377\116\023\122\051\176\304\124\010\173\126\165\145}{subsection.A.4}% 56
\BOOKMARK [3][-]{subsubsection.A.4.2}{\376\377\177\121\176\334\145\110\136\224\123\321\134\125}{subsection.A.4}% 57
\BOOKMARK [2][-]{subsection.A.5}{\376\377\142\151\134\125\173\126\165\145}{appendix.A}% 58
\BOOKMARK [3][-]{subsubsection.A.5.1}{\376\377\126\375\226\105\142\151\137\040}{subsection.A.5}% 59
\BOOKMARK [3][-]{subsubsection.A.5.2}{\376\377\127\202\166\364\136\002\127\072\142\151\137\040}{subsection.A.5}% 60
\BOOKMARK [2][-]{subsection.A.6}{\376\377\124\010\117\134\117\031\117\064\173\126\165\145}{appendix.A}% 61
\BOOKMARK [3][-]{subsubsection.A.6.1}{\376\377\142\200\147\057\124\010\117\134\117\031\117\064}{subsection.A.6}% 62
\BOOKMARK [3][-]{subsubsection.A.6.2}{\376\377\156\040\220\123\124\010\117\134\117\031\117\064}{subsection.A.6}% 63
\BOOKMARK [2][-]{subsection.A.7}{\376\377\230\316\226\151\122\006\147\220\116\016\177\023\211\343}{appendix.A}% 64
\BOOKMARK [3][-]{subsubsection.A.7.1}{\376\377\142\200\147\057\230\316\226\151}{subsection.A.7}% 65
\BOOKMARK [3][-]{subsubsection.A.7.2}{\376\377\136\002\127\072\230\316\226\151}{subsection.A.7}% 66
\BOOKMARK [3][-]{subsubsection.A.7.3}{\376\377\172\336\116\211\230\316\226\151}{subsection.A.7}% 67
\BOOKMARK [2][-]{subsection.A.8}{\376\377\215\042\122\241\230\204\155\113\213\346\140\305}{appendix.A}% 68
\BOOKMARK [3][-]{subsubsection.A.8.1}{\376\377\116\011\136\164\143\137\166\312\230\204\155\113}{subsection.A.8}% 69
\BOOKMARK [3][-]{subsubsection.A.8.2}{\376\377\215\104\221\321\227\000\154\102}{subsection.A.8}% 70
\BOOKMARK [2][-]{subsection.A.9}{\376\377\142\030\165\145\116\367\120\074\122\033\220\040}{appendix.A}% 71
\BOOKMARK [3][-]{subsubsection.A.9.1}{\376\377\142\200\147\057\116\367\120\074\122\033\220\040}{subsection.A.9}% 72
\BOOKMARK [3][-]{subsubsection.A.9.2}{\376\377\136\002\127\072\116\367\120\074\122\033\220\040}{subsection.A.9}% 73
\BOOKMARK [3][-]{subsubsection.A.9.3}{\376\377\133\242\142\067\116\367\120\074\122\033\220\040}{subsection.A.9}% 74
\BOOKMARK [2][-]{subsection.A.10}{\376\377\176\323\213\272\377\032\125\106\116\032\123\357\210\114\140\047}{appendix.A}% 75
